<?xml version="1.0" encoding="UTF-8"?>
<!-- Generated by org.testng.reporters.JUnitXMLReporter -->
<testsuite hostname="LAPTOP-20464U94" ignored="0" name="Login Test" tests="1" failures="1" timestamp="16 Jun 2020 20:54:15 GMT" time="9.843" errors="0">
  <testcase name="verifyLogin" time="8.733" classname="testcases.VerifyLoginTC001">
    <failure type="java.lang.AssertionError" message="expected [Zer Account Summary] but found [Zero - Log in]">
      <![CDATA[java.lang.AssertionError: expected [Zer Account Summary] but found [Zero - Log in]
at testcases.VerifyLoginTC001.verifyLogin(VerifyLoginTC001.java:30)
... Removed 31 stack frames]]>
    </failure>
  </testcase> <!-- verifyLogin -->
</testsuite> <!-- Login Test -->
